-------------------------------------------------------------------------------
Test set: com.pmpay.authservice.AuthServiceApplicationTests
-------------------------------------------------------------------------------
Tests run: 1, Failures: 0, Errors: 1, Skipped: 0, Time elapsed: 0.353 s <<< FAILURE! - in com.pmpay.authservice.AuthServiceApplicationTests
com.pmpay.authservice.AuthServiceApplicationTests  Time elapsed: 0.352 s  <<< ERROR!
java.lang.IllegalStateException: Unable to find a @SpringBootConfiguration, you need to use @ContextConfiguration or @SpringBootTest(classes=...) with your test

